{"C:\\Users\\Øivind Larsson\\OneDrive - NTNU\\Systemutvikling2\\HverdagsHelt\\hverdagshelt-team-7\\server\\src\\dao\\dao.js": {"path":"C:\\Users\\Øivind Larsson\\OneDrive - NTNU\\Systemutvikling2\\HverdagsHelt\\hverdagshelt-team-7\\server\\src\\dao\\dao.js","statementMap":{"0":{"start":{"line":1,"column":0},"end":{"line":30,"column":2}},"1":{"start":{"line":5,"column":4},"end":{"line":5,"column":21}},"2":{"start":{"line":9,"column":4},"end":{"line":28,"column":7}},"3":{"start":{"line":10,"column":6},"end":{"line":10,"column":48}},"4":{"start":{"line":11,"column":6},"end":{"line":27,"column":7}},"5":{"start":{"line":12,"column":8},"end":{"line":12,"column":45}},"6":{"start":{"line":13,"column":8},"end":{"line":13,"column":58}},"7":{"start":{"line":15,"column":8},"end":{"line":15,"column":48}},"8":{"start":{"line":16,"column":8},"end":{"line":26,"column":11}},"9":{"start":{"line":17,"column":10},"end":{"line":17,"column":31}},"10":{"start":{"line":18,"column":10},"end":{"line":25,"column":11}},"11":{"start":{"line":19,"column":12},"end":{"line":19,"column":29}},"12":{"start":{"line":20,"column":12},"end":{"line":20,"column":53}},"13":{"start":{"line":22,"column":12},"end":{"line":22,"column":47}},"14":{"start":{"line":24,"column":12},"end":{"line":24,"column":32}}},"fnMap":{"0":{"name":"(anonymous_0)","decl":{"start":{"line":3,"column":2},"end":{"line":3,"column":3}},"loc":{"start":{"line":3,"column":20},"end":{"line":6,"column":3}},"line":3},"1":{"name":"(anonymous_1)","decl":{"start":{"line":8,"column":2},"end":{"line":8,"column":3}},"loc":{"start":{"line":8,"column":31},"end":{"line":29,"column":3}},"line":8},"2":{"name":"(anonymous_2)","decl":{"start":{"line":9,"column":28},"end":{"line":9,"column":29}},"loc":{"start":{"line":9,"column":49},"end":{"line":28,"column":5}},"line":9},"3":{"name":"(anonymous_3)","decl":{"start":{"line":16,"column":38},"end":{"line":16,"column":39}},"loc":{"start":{"line":16,"column":53},"end":{"line":26,"column":9}},"line":16}},"branchMap":{"0":{"loc":{"start":{"line":11,"column":6},"end":{"line":27,"column":7}},"type":"if","locations":[{"start":{"line":11,"column":6},"end":{"line":27,"column":7}},{"start":{"line":11,"column":6},"end":{"line":27,"column":7}}],"line":11},"1":{"loc":{"start":{"line":18,"column":10},"end":{"line":25,"column":11}},"type":"if","locations":[{"start":{"line":18,"column":10},"end":{"line":25,"column":11}},{"start":{"line":18,"column":10},"end":{"line":25,"column":11}}],"line":18}},"s":{"0":1,"1":1,"2":7,"3":7,"4":7,"5":7,"6":7,"7":0,"8":0,"9":0,"10":0,"11":0,"12":0,"13":0,"14":0},"f":{"0":1,"1":7,"2":7,"3":0},"b":{"0":[7,0],"1":[0,0]},"_coverageSchema":"332fd63041d2c1bcb487cc26dd0d5f7d97098a6c","hash":"1cc7e0d54643c6446aafc24b4cb7abece78305d7"}
,"C:\\Users\\Øivind Larsson\\OneDrive - NTNU\\Systemutvikling2\\HverdagsHelt\\hverdagshelt-team-7\\server\\src\\dao\\feildao.js": {"path":"C:\\Users\\Øivind Larsson\\OneDrive - NTNU\\Systemutvikling2\\HverdagsHelt\\hverdagshelt-team-7\\server\\src\\dao\\feildao.js","statementMap":{"0":{"start":{"line":5,"column":0},"end":{"line":149,"column":2}},"1":{"start":{"line":7,"column":4},"end":{"line":7,"column":230}},"2":{"start":{"line":11,"column":18},"end":{"line":11,"column":30}},"3":{"start":{"line":12,"column":4},"end":{"line":12,"column":77}},"4":{"start":{"line":16,"column":20},"end":{"line":16,"column":34}},"5":{"start":{"line":17,"column":4},"end":{"line":21,"column":6}},"6":{"start":{"line":25,"column":15},"end":{"line":32,"column":5}},"7":{"start":{"line":33,"column":4},"end":{"line":37,"column":6}},"8":{"start":{"line":41,"column":4},"end":{"line":53,"column":5}},"9":{"start":{"line":42,"column":18},"end":{"line":42,"column":74}},"10":{"start":{"line":43,"column":19},"end":{"line":43,"column":21}},"11":{"start":{"line":44,"column":6},"end":{"line":48,"column":7}},"12":{"start":{"line":45,"column":8},"end":{"line":45,"column":37}},"13":{"start":{"line":46,"column":8},"end":{"line":46,"column":29}},"14":{"start":{"line":47,"column":8},"end":{"line":47,"column":31}},"15":{"start":{"line":49,"column":6},"end":{"line":49,"column":33}},"16":{"start":{"line":50,"column":6},"end":{"line":50,"column":19}},"17":{"start":{"line":52,"column":6},"end":{"line":52,"column":43}},"18":{"start":{"line":57,"column":15},"end":{"line":64,"column":5}},"19":{"start":{"line":65,"column":4},"end":{"line":69,"column":6}},"20":{"start":{"line":82,"column":18},"end":{"line":82,"column":30}},"21":{"start":{"line":83,"column":4},"end":{"line":83,"column":75}},"22":{"start":{"line":87,"column":22},"end":{"line":92,"column":5}},"23":{"start":{"line":93,"column":4},"end":{"line":97,"column":6}},"24":{"start":{"line":101,"column":18},"end":{"line":101,"column":30}},"25":{"start":{"line":102,"column":4},"end":{"line":106,"column":6}},"26":{"start":{"line":119,"column":20},"end":{"line":119,"column":34}},"27":{"start":{"line":120,"column":4},"end":{"line":124,"column":6}},"28":{"start":{"line":128,"column":4},"end":{"line":128,"column":56}},"29":{"start":{"line":132,"column":4},"end":{"line":132,"column":63}},"30":{"start":{"line":136,"column":4},"end":{"line":137,"column":30}},"31":{"start":{"line":142,"column":27},"end":{"line":142,"column":48}},"32":{"start":{"line":143,"column":4},"end":{"line":147,"column":6}}},"fnMap":{"0":{"name":"(anonymous_0)","decl":{"start":{"line":6,"column":2},"end":{"line":6,"column":3}},"loc":{"start":{"line":6,"column":25},"end":{"line":8,"column":3}},"line":6},"1":{"name":"(anonymous_1)","decl":{"start":{"line":10,"column":2},"end":{"line":10,"column":3}},"loc":{"start":{"line":10,"column":29},"end":{"line":13,"column":3}},"line":10},"2":{"name":"(anonymous_2)","decl":{"start":{"line":15,"column":2},"end":{"line":15,"column":3}},"loc":{"start":{"line":15,"column":33},"end":{"line":22,"column":3}},"line":15},"3":{"name":"(anonymous_3)","decl":{"start":{"line":24,"column":2},"end":{"line":24,"column":3}},"loc":{"start":{"line":24,"column":28},"end":{"line":38,"column":3}},"line":24},"4":{"name":"(anonymous_4)","decl":{"start":{"line":40,"column":2},"end":{"line":40,"column":3}},"loc":{"start":{"line":40,"column":43},"end":{"line":54,"column":3}},"line":40},"5":{"name":"(anonymous_5)","decl":{"start":{"line":56,"column":2},"end":{"line":56,"column":3}},"loc":{"start":{"line":56,"column":31},"end":{"line":70,"column":3}},"line":56},"6":{"name":"(anonymous_6)","decl":{"start":{"line":81,"column":2},"end":{"line":81,"column":3}},"loc":{"start":{"line":81,"column":28},"end":{"line":84,"column":3}},"line":81},"7":{"name":"(anonymous_7)","decl":{"start":{"line":86,"column":2},"end":{"line":86,"column":3}},"loc":{"start":{"line":86,"column":33},"end":{"line":98,"column":3}},"line":86},"8":{"name":"(anonymous_8)","decl":{"start":{"line":100,"column":2},"end":{"line":100,"column":3}},"loc":{"start":{"line":100,"column":47},"end":{"line":107,"column":3}},"line":100},"9":{"name":"(anonymous_9)","decl":{"start":{"line":118,"column":2},"end":{"line":118,"column":3}},"loc":{"start":{"line":118,"column":31},"end":{"line":125,"column":3}},"line":118},"10":{"name":"(anonymous_10)","decl":{"start":{"line":127,"column":2},"end":{"line":127,"column":3}},"loc":{"start":{"line":127,"column":29},"end":{"line":129,"column":3}},"line":127},"11":{"name":"(anonymous_11)","decl":{"start":{"line":131,"column":2},"end":{"line":131,"column":3}},"loc":{"start":{"line":131,"column":36},"end":{"line":133,"column":3}},"line":131},"12":{"name":"(anonymous_12)","decl":{"start":{"line":135,"column":2},"end":{"line":135,"column":3}},"loc":{"start":{"line":135,"column":49},"end":{"line":138,"column":3}},"line":135},"13":{"name":"(anonymous_13)","decl":{"start":{"line":141,"column":2},"end":{"line":141,"column":3}},"loc":{"start":{"line":141,"column":56},"end":{"line":148,"column":3}},"line":141}},"branchMap":{"0":{"loc":{"start":{"line":41,"column":4},"end":{"line":53,"column":5}},"type":"if","locations":[{"start":{"line":41,"column":4},"end":{"line":53,"column":5}},{"start":{"line":41,"column":4},"end":{"line":53,"column":5}}],"line":41}},"s":{"0":1,"1":1,"2":1,"3":1,"4":0,"5":0,"6":0,"7":0,"8":0,"9":0,"10":0,"11":0,"12":0,"13":0,"14":0,"15":0,"16":0,"17":0,"18":0,"19":0,"20":1,"21":1,"22":0,"23":0,"24":1,"25":1,"26":1,"27":1,"28":1,"29":1,"30":0,"31":0,"32":0},"f":{"0":1,"1":1,"2":0,"3":0,"4":0,"5":0,"6":1,"7":0,"8":1,"9":1,"10":1,"11":1,"12":0,"13":0},"b":{"0":[0,0]},"_coverageSchema":"332fd63041d2c1bcb487cc26dd0d5f7d97098a6c","hash":"c18854bd27bda8db3377e7bb7ea5220401c8ca05"}
,"C:\\Users\\Øivind Larsson\\OneDrive - NTNU\\Systemutvikling2\\HverdagsHelt\\hverdagshelt-team-7\\server\\test\\runsqlfile.js": {"path":"C:\\Users\\Øivind Larsson\\OneDrive - NTNU\\Systemutvikling2\\HverdagsHelt\\hverdagshelt-team-7\\server\\test\\runsqlfile.js","statementMap":{"0":{"start":{"line":4,"column":0},"end":{"line":29,"column":2}},"1":{"start":{"line":5,"column":4},"end":{"line":5,"column":56}},"2":{"start":{"line":6,"column":14},"end":{"line":9,"column":3}},"3":{"start":{"line":11,"column":4},"end":{"line":28,"column":7}},"4":{"start":{"line":12,"column":8},"end":{"line":27,"column":9}},"5":{"start":{"line":13,"column":12},"end":{"line":13,"column":56}},"6":{"start":{"line":14,"column":12},"end":{"line":14,"column":19}},"7":{"start":{"line":16,"column":12},"end":{"line":16,"column":49}},"8":{"start":{"line":17,"column":12},"end":{"line":26,"column":15}},"9":{"start":{"line":18,"column":16},"end":{"line":18,"column":37}},"10":{"start":{"line":19,"column":16},"end":{"line":25,"column":17}},"11":{"start":{"line":20,"column":20},"end":{"line":20,"column":37}},"12":{"start":{"line":21,"column":20},"end":{"line":21,"column":27}},"13":{"start":{"line":23,"column":20},"end":{"line":23,"column":54}},"14":{"start":{"line":24,"column":20},"end":{"line":24,"column":27}}},"fnMap":{"0":{"name":"run","decl":{"start":{"line":4,"column":26},"end":{"line":4,"column":29}},"loc":{"start":{"line":4,"column":52},"end":{"line":29,"column":1}},"line":4},"1":{"name":"(anonymous_1)","decl":{"start":{"line":11,"column":23},"end":{"line":11,"column":24}},"loc":{"start":{"line":11,"column":44},"end":{"line":28,"column":5}},"line":11},"2":{"name":"(anonymous_2)","decl":{"start":{"line":17,"column":34},"end":{"line":17,"column":35}},"loc":{"start":{"line":17,"column":49},"end":{"line":26,"column":13}},"line":17}},"branchMap":{"0":{"loc":{"start":{"line":12,"column":8},"end":{"line":27,"column":9}},"type":"if","locations":[{"start":{"line":12,"column":8},"end":{"line":27,"column":9}},{"start":{"line":12,"column":8},"end":{"line":27,"column":9}}],"line":12},"1":{"loc":{"start":{"line":19,"column":16},"end":{"line":25,"column":17}},"type":"if","locations":[{"start":{"line":19,"column":16},"end":{"line":25,"column":17}},{"start":{"line":19,"column":16},"end":{"line":25,"column":17}}],"line":19}},"s":{"0":1,"1":3,"2":3,"3":3,"4":3,"5":3,"6":3,"7":0,"8":0,"9":0,"10":0,"11":0,"12":0,"13":0,"14":0},"f":{"0":3,"1":3,"2":0},"b":{"0":[3,0],"1":[0,0]},"_coverageSchema":"332fd63041d2c1bcb487cc26dd0d5f7d97098a6c","hash":"8a3756665c719a3ace017c096f5d4916a46817c7"}
}
